2025-07-07 21:21:56,236 [INFO] [MainThread] [root/log.py:59]: YASB v1.7.7
2025-07-07 21:21:56,236 [INFO] [Thread-1 (_run_server)] [cli_server/cli_server.py:212]: CLI server started v1.1.2
2025-07-07 21:21:56,238 [INFO] [MainThread] [cli_server/cli_server.py:104]: Log pipe server started
2025-07-07 21:21:56,495 [INFO] [MainThread] [root/config.py:64]: Created default config file at C:\Users\llima\.config\yasb\config.yaml
2025-07-07 21:21:56,590 [INFO] [MainThread] [root/config.py:78]: Created default stylesheet at C:\Users\llima\.config\yasb\styles.css
2025-07-07 21:23:20,915 [DEBUG] [MainThread] [tzlocal/win32.py:55]: Looking up time zone info from registry
2025-07-07 21:23:29,066 [ERROR] [MainThread] [root/weather.py:168]: API key or location is missing. Please provide a valid API key and location.
2025-07-07 21:23:29,128 [DEBUG] [MainThread] [comtypes/__init__.py:149]: CoInitializeEx(None, 2)
2025-07-07 21:23:31,828 [INFO] [MainThread] [root/log.py:59]: YASB v1.7.7
2025-07-07 21:23:31,830 [INFO] [Thread-1 (_run_server)] [cli_server/cli_server.py:212]: CLI server started v1.1.2
2025-07-07 21:23:31,830 [INFO] [MainThread] [cli_server/cli_server.py:104]: Log pipe server started
2025-07-07 21:23:31,830 [ERROR] [MainThread] [root/main.py:36]: Another instance of the YASB is already running.
2025-07-07 21:23:31,967 [ERROR] [MainThread] [root/weather.py:168]: API key or location is missing. Please provide a valid API key and location.
2025-07-07 21:23:32,073 [INFO] [MainThread] [root/bar_manager.py:74]: Starting KomorebiEventListener...
2025-07-07 21:23:32,073 [INFO] [MainThread] [root/bar_manager.py:74]: Starting WindowsNotificationEventListener...
2025-07-07 21:23:32,074 [INFO] [MainThread] [root/bar_manager.py:74]: Starting SystemEventListener...
2025-07-07 21:23:32,074 [INFO] [MainThread] [root/watcher.py:54]: Created file watcher for path C:\Users\llima\.config\yasb
2025-07-07 21:23:32,075 [INFO] [Dummy-5] [root/event_listener.py:51]: Created named pipe yasb-c74f5ca1-5b91-11f0-a9bb-bccd99c005c5
2025-07-07 21:23:32,114 [DEBUG] [MainThread] [qasync._windows._EventPoller/_windows.py:213]: Starting (proactor: <_IocpProactor overlapped#=0 result#=0>)...
2025-07-07 21:23:32,116 [DEBUG] [Dummy-7] [qasync._windows._EventWorker/_windows.py:192]: Thread started
2025-07-07 21:23:32,354 [INFO] [Dummy-5] [root/event_listener.py:125]: Komorebi connected to named pipe: yasb-c74f5ca1-5b91-11f0-a9bb-bccd99c005c5
2025-07-07 21:56:01,724 [WARNING] [Dummy-5] [root/event_listener.py:82]: Pipe has been ended: (109, 'PeekNamedPipe', 'O pipe foi finalizado.')
2025-07-07 21:56:01,724 [INFO] [Dummy-5] [root/event_listener.py:92]: Attempting to reconnect to Komorebi...
2025-07-07 21:56:04,724 [INFO] [Dummy-5] [root/event_listener.py:51]: Created named pipe yasb-c74f5ca1-5b91-11f0-a9bb-bccd99c005c5
2025-07-07 21:56:04,786 [INFO] [Dummy-5] [root/event_listener.py:125]: Komorebi connected to named pipe: yasb-c74f5ca1-5b91-11f0-a9bb-bccd99c005c5
2025-07-07 21:57:42,391 [WARNING] [Dummy-5] [root/event_listener.py:82]: Pipe has been ended: (109, 'PeekNamedPipe', 'O pipe foi finalizado.')
2025-07-07 21:57:42,391 [INFO] [Dummy-5] [root/event_listener.py:92]: Attempting to reconnect to Komorebi...
2025-07-07 21:57:45,391 [INFO] [Dummy-5] [root/event_listener.py:51]: Created named pipe yasb-c74f5ca1-5b91-11f0-a9bb-bccd99c005c5
2025-07-07 21:57:45,459 [INFO] [Dummy-5] [root/event_listener.py:125]: Komorebi connected to named pipe: yasb-c74f5ca1-5b91-11f0-a9bb-bccd99c005c5
2025-07-07 21:57:54,180 [WARNING] [Dummy-5] [root/event_listener.py:82]: Pipe has been ended: (109, 'PeekNamedPipe', 'O pipe foi finalizado.')
2025-07-07 21:57:54,180 [INFO] [Dummy-5] [root/event_listener.py:92]: Attempting to reconnect to Komorebi...
2025-07-07 21:57:57,183 [INFO] [Dummy-5] [root/event_listener.py:51]: Created named pipe yasb-c74f5ca1-5b91-11f0-a9bb-bccd99c005c5
2025-07-07 21:57:57,244 [INFO] [Dummy-5] [root/event_listener.py:125]: Komorebi connected to named pipe: yasb-c74f5ca1-5b91-11f0-a9bb-bccd99c005c5
2025-07-07 21:58:08,043 [WARNING] [Dummy-5] [root/event_listener.py:82]: Pipe has been ended: (109, 'PeekNamedPipe', 'O pipe foi finalizado.')
2025-07-07 21:58:08,043 [INFO] [Dummy-5] [root/event_listener.py:92]: Attempting to reconnect to Komorebi...
2025-07-07 21:58:11,043 [INFO] [Dummy-5] [root/event_listener.py:51]: Created named pipe yasb-c74f5ca1-5b91-11f0-a9bb-bccd99c005c5
2025-07-07 21:58:11,107 [INFO] [Dummy-5] [root/event_listener.py:125]: Komorebi connected to named pipe: yasb-c74f5ca1-5b91-11f0-a9bb-bccd99c005c5
2025-07-07 21:58:27,537 [INFO] [MainThread] [root/utilities.py:196]: YASB added to startup
2025-07-07 21:59:57,748 [INFO] [MainThread] [root/controller.py:15]: Reloading Application because of config change.
2025-07-07 21:59:57,863 [INFO] [MainThread] [cli_server/cli_server.py:112]: Log pipe server stopped
2025-07-07 21:59:57,863 [DEBUG] [MainThread] [cli_server/cli_server.py:206]: CLI server stopped
2025-07-07 21:59:57,865 [INFO] [MainThread] [root/bar_manager.py:65]: Successfully loaded updated config and re-initialised all bars.
2025-07-07 21:59:57,865 [DEBUG] [MainThread] [qasync._windows._EventPoller/_windows.py:218]: Stopping worker thread...
2025-07-07 21:59:57,880 [DEBUG] [Dummy-7] [qasync._windows._EventWorker/_windows.py:201]: Exiting thread
2025-07-07 21:59:57,881 [DEBUG] [MainThread] [qasync._windows._IocpProactor/_windows.py:75]: Closing
2025-07-07 21:59:58,194 [INFO] [MainThread] [root/log.py:59]: YASB v1.7.7
2025-07-07 21:59:58,195 [INFO] [Thread-1 (_run_server)] [cli_server/cli_server.py:212]: CLI server started v1.1.2
2025-07-07 21:59:58,195 [INFO] [MainThread] [cli_server/cli_server.py:104]: Log pipe server started
2025-07-07 22:00:08,697 [DEBUG] [MainThread] [tzlocal/win32.py:55]: Looking up time zone info from registry
2025-07-07 22:00:08,797 [ERROR] [MainThread] [root/weather.py:168]: API key or location is missing. Please provide a valid API key and location.
2025-07-07 22:00:08,797 [DEBUG] [MainThread] [comtypes/__init__.py:149]: CoInitializeEx(None, 2)
2025-07-07 22:00:09,198 [ERROR] [MainThread] [root/weather.py:168]: API key or location is missing. Please provide a valid API key and location.
2025-07-07 22:00:09,259 [INFO] [MainThread] [root/bar_manager.py:74]: Starting WindowsNotificationEventListener...
2025-07-07 22:00:09,260 [INFO] [MainThread] [root/bar_manager.py:74]: Starting KomorebiEventListener...
2025-07-07 22:00:09,261 [INFO] [MainThread] [root/bar_manager.py:74]: Starting SystemEventListener...
2025-07-07 22:00:09,261 [INFO] [MainThread] [root/watcher.py:54]: Created file watcher for path C:\Users\llima\.config\yasb
2025-07-07 22:00:09,301 [INFO] [Dummy-5] [root/event_listener.py:51]: Created named pipe yasb-e4ef80e3-5b96-11f0-b168-bccd99c005c5
2025-07-07 22:00:09,343 [DEBUG] [MainThread] [qasync._windows._EventPoller/_windows.py:213]: Starting (proactor: <_IocpProactor overlapped#=0 result#=0>)...
2025-07-07 22:00:09,346 [DEBUG] [Dummy-9] [qasync._windows._EventWorker/_windows.py:192]: Thread started
2025-07-07 22:00:09,430 [INFO] [Dummy-5] [root/event_listener.py:125]: Komorebi connected to named pipe: yasb-e4ef80e3-5b96-11f0-b168-bccd99c005c5
2025-07-07 22:00:30,484 [INFO] [MainThread] [root/controller.py:15]: Reloading Application because of config change.
2025-07-07 22:00:30,596 [INFO] [MainThread] [cli_server/cli_server.py:112]: Log pipe server stopped
2025-07-07 22:00:30,596 [DEBUG] [MainThread] [cli_server/cli_server.py:206]: CLI server stopped
2025-07-07 22:00:30,602 [INFO] [MainThread] [root/bar_manager.py:65]: Successfully loaded updated config and re-initialised all bars.
2025-07-07 22:00:30,602 [DEBUG] [MainThread] [qasync._windows._EventPoller/_windows.py:218]: Stopping worker thread...
2025-07-07 22:00:30,611 [DEBUG] [Dummy-9] [qasync._windows._EventWorker/_windows.py:201]: Exiting thread
2025-07-07 22:00:30,613 [DEBUG] [MainThread] [qasync._windows._IocpProactor/_windows.py:75]: Closing
2025-07-07 22:00:31,105 [INFO] [MainThread] [root/log.py:59]: YASB v1.7.7
2025-07-07 22:00:31,105 [INFO] [Thread-1 (_run_server)] [cli_server/cli_server.py:212]: CLI server started v1.1.2
2025-07-07 22:00:31,106 [INFO] [MainThread] [cli_server/cli_server.py:104]: Log pipe server started
2025-07-07 22:00:39,349 [DEBUG] [MainThread] [tzlocal/win32.py:55]: Looking up time zone info from registry
2025-07-07 22:00:39,452 [ERROR] [MainThread] [root/weather.py:168]: API key or location is missing. Please provide a valid API key and location.
2025-07-07 22:00:39,458 [DEBUG] [MainThread] [comtypes/__init__.py:149]: CoInitializeEx(None, 2)
2025-07-07 22:00:39,867 [ERROR] [MainThread] [root/weather.py:168]: API key or location is missing. Please provide a valid API key and location.
2025-07-07 22:00:39,928 [INFO] [MainThread] [root/bar_manager.py:74]: Starting SystemEventListener...
2025-07-07 22:00:39,928 [INFO] [MainThread] [root/bar_manager.py:74]: Starting KomorebiEventListener...
2025-07-07 22:00:39,928 [INFO] [MainThread] [root/bar_manager.py:74]: Starting WindowsNotificationEventListener...
2025-07-07 22:00:39,929 [INFO] [MainThread] [root/watcher.py:54]: Created file watcher for path C:\Users\llima\.config\yasb
2025-07-07 22:00:39,972 [INFO] [Dummy-5] [root/event_listener.py:51]: Created named pipe yasb-f736f976-5b96-11f0-8a6e-bccd99c005c5
2025-07-07 22:00:40,000 [DEBUG] [MainThread] [qasync._windows._EventPoller/_windows.py:213]: Starting (proactor: <_IocpProactor overlapped#=0 result#=0>)...
2025-07-07 22:00:40,001 [DEBUG] [Dummy-9] [qasync._windows._EventWorker/_windows.py:192]: Thread started
2025-07-07 22:00:40,101 [INFO] [Dummy-5] [root/event_listener.py:125]: Komorebi connected to named pipe: yasb-f736f976-5b96-11f0-8a6e-bccd99c005c5
2025-07-07 22:00:48,217 [INFO] [MainThread] [root/controller.py:15]: Reloading Application because of config change.
2025-07-07 22:00:48,318 [INFO] [MainThread] [cli_server/cli_server.py:112]: Log pipe server stopped
2025-07-07 22:00:48,318 [DEBUG] [MainThread] [cli_server/cli_server.py:206]: CLI server stopped
2025-07-07 22:00:48,323 [INFO] [MainThread] [root/bar_manager.py:65]: Successfully loaded updated config and re-initialised all bars.
2025-07-07 22:00:48,323 [DEBUG] [MainThread] [qasync._windows._EventPoller/_windows.py:218]: Stopping worker thread...
2025-07-07 22:00:48,325 [DEBUG] [Dummy-9] [qasync._windows._EventWorker/_windows.py:201]: Exiting thread
2025-07-07 22:00:48,325 [DEBUG] [MainThread] [qasync._windows._IocpProactor/_windows.py:75]: Closing
2025-07-07 22:00:48,817 [INFO] [MainThread] [root/log.py:59]: YASB v1.7.7
2025-07-07 22:00:48,818 [INFO] [Thread-1 (_run_server)] [cli_server/cli_server.py:212]: CLI server started v1.1.2
2025-07-07 22:00:48,818 [INFO] [MainThread] [cli_server/cli_server.py:104]: Log pipe server started
2025-07-07 22:00:51,242 [DEBUG] [MainThread] [tzlocal/win32.py:55]: Looking up time zone info from registry
2025-07-07 22:00:51,354 [ERROR] [MainThread] [root/weather.py:168]: API key or location is missing. Please provide a valid API key and location.
2025-07-07 22:00:51,358 [DEBUG] [MainThread] [comtypes/__init__.py:149]: CoInitializeEx(None, 2)
2025-07-07 22:00:51,964 [ERROR] [MainThread] [root/weather.py:168]: API key or location is missing. Please provide a valid API key and location.
2025-07-07 22:00:52,041 [INFO] [MainThread] [root/bar_manager.py:74]: Starting WindowsNotificationEventListener...
2025-07-07 22:00:52,042 [INFO] [MainThread] [root/bar_manager.py:74]: Starting SystemEventListener...
2025-07-07 22:00:52,042 [INFO] [MainThread] [root/bar_manager.py:74]: Starting KomorebiEventListener...
2025-07-07 22:00:52,043 [INFO] [MainThread] [root/watcher.py:54]: Created file watcher for path C:\Users\llima\.config\yasb
2025-07-07 22:00:52,097 [INFO] [Dummy-5] [root/event_listener.py:51]: Created named pipe yasb-fe6faa01-5b96-11f0-a3d8-bccd99c005c5
2025-07-07 22:00:52,129 [DEBUG] [MainThread] [qasync._windows._EventPoller/_windows.py:213]: Starting (proactor: <_IocpProactor overlapped#=0 result#=0>)...
2025-07-07 22:00:52,134 [DEBUG] [Dummy-9] [qasync._windows._EventWorker/_windows.py:192]: Thread started
2025-07-07 22:00:52,244 [INFO] [Dummy-5] [root/event_listener.py:125]: Komorebi connected to named pipe: yasb-fe6faa01-5b96-11f0-a3d8-bccd99c005c5
2025-07-07 22:01:16,110 [INFO] [MainThread] [root/controller.py:15]: Reloading Application because of config change.
2025-07-07 22:01:16,224 [INFO] [MainThread] [cli_server/cli_server.py:112]: Log pipe server stopped
2025-07-07 22:01:16,224 [DEBUG] [MainThread] [cli_server/cli_server.py:206]: CLI server stopped
2025-07-07 22:01:16,232 [INFO] [MainThread] [root/bar_manager.py:65]: Successfully loaded updated config and re-initialised all bars.
2025-07-07 22:01:16,232 [DEBUG] [MainThread] [qasync._windows._EventPoller/_windows.py:218]: Stopping worker thread...
2025-07-07 22:01:16,242 [DEBUG] [Dummy-9] [qasync._windows._EventWorker/_windows.py:201]: Exiting thread
2025-07-07 22:01:16,242 [DEBUG] [MainThread] [qasync._windows._IocpProactor/_windows.py:75]: Closing
2025-07-07 22:01:16,567 [INFO] [MainThread] [root/log.py:59]: YASB v1.7.7
2025-07-07 22:01:16,568 [INFO] [Thread-1 (_run_server)] [cli_server/cli_server.py:212]: CLI server started v1.1.2
2025-07-07 22:01:16,568 [INFO] [MainThread] [cli_server/cli_server.py:104]: Log pipe server started
2025-07-07 22:02:29,768 [DEBUG] [MainThread] [tzlocal/win32.py:55]: Looking up time zone info from registry
2025-07-07 22:02:29,910 [ERROR] [MainThread] [root/weather.py:168]: API key or location is missing. Please provide a valid API key and location.
2025-07-07 22:02:29,910 [DEBUG] [MainThread] [comtypes/__init__.py:149]: CoInitializeEx(None, 2)
2025-07-07 22:02:30,397 [ERROR] [MainThread] [root/weather.py:168]: API key or location is missing. Please provide a valid API key and location.
2025-07-07 22:02:30,478 [INFO] [MainThread] [root/bar_manager.py:74]: Starting KomorebiEventListener...
2025-07-07 22:02:30,478 [INFO] [MainThread] [root/bar_manager.py:74]: Starting WindowsNotificationEventListener...
2025-07-07 22:02:30,480 [INFO] [MainThread] [root/bar_manager.py:74]: Starting SystemEventListener...
2025-07-07 22:02:30,480 [INFO] [MainThread] [root/watcher.py:54]: Created file watcher for path C:\Users\llima\.config\yasb
2025-07-07 22:02:30,521 [INFO] [Dummy-5] [root/event_listener.py:51]: Created named pipe yasb-391ba89e-5b97-11f0-b3d3-bccd99c005c5
2025-07-07 22:02:30,590 [DEBUG] [MainThread] [qasync._windows._EventPoller/_windows.py:213]: Starting (proactor: <_IocpProactor overlapped#=0 result#=0>)...
2025-07-07 22:02:30,617 [DEBUG] [Dummy-9] [qasync._windows._EventWorker/_windows.py:192]: Thread started
2025-07-07 22:02:30,707 [INFO] [Dummy-5] [root/event_listener.py:125]: Komorebi connected to named pipe: yasb-391ba89e-5b97-11f0-b3d3-bccd99c005c5
2025-07-07 22:24:21,887 [INFO] [MainThread] [root/controller.py:15]: Reloading Application from tray...
2025-07-07 22:24:21,995 [INFO] [MainThread] [cli_server/cli_server.py:112]: Log pipe server stopped
2025-07-07 22:24:21,995 [DEBUG] [MainThread] [cli_server/cli_server.py:206]: CLI server stopped
2025-07-07 22:24:22,027 [DEBUG] [MainThread] [qasync._windows._EventPoller/_windows.py:218]: Stopping worker thread...
2025-07-07 22:24:22,043 [DEBUG] [Dummy-9] [qasync._windows._EventWorker/_windows.py:201]: Exiting thread
2025-07-07 22:24:22,043 [DEBUG] [MainThread] [qasync._windows._IocpProactor/_windows.py:75]: Closing
2025-07-07 22:24:22,084 [ERROR] [Dummy-11] [root/event_service.py:32]: Failed to emit signal <bound PYQT_SIGNAL window_name_change of ActiveWindowWidget object at 0x0000027DAC7A37F0>. Removing link to WinEvent.EventObjectNameChange.
2025-07-07 22:24:22,562 [INFO] [MainThread] [root/log.py:59]: YASB v1.7.7
2025-07-07 22:24:22,563 [INFO] [Thread-1 (_run_server)] [cli_server/cli_server.py:212]: CLI server started v1.1.2
2025-07-07 22:24:22,566 [INFO] [MainThread] [cli_server/cli_server.py:104]: Log pipe server started
2025-07-07 22:24:22,766 [DEBUG] [MainThread] [tzlocal/win32.py:55]: Looking up time zone info from registry
2025-07-07 22:24:22,903 [ERROR] [MainThread] [root/weather.py:168]: API key or location is missing. Please provide a valid API key and location.
2025-07-07 22:24:22,909 [DEBUG] [MainThread] [comtypes/__init__.py:149]: CoInitializeEx(None, 2)
2025-07-07 22:24:23,673 [ERROR] [MainThread] [root/weather.py:168]: API key or location is missing. Please provide a valid API key and location.
2025-07-07 22:24:23,769 [INFO] [MainThread] [root/bar_manager.py:74]: Starting KomorebiEventListener...
2025-07-07 22:24:23,769 [INFO] [MainThread] [root/bar_manager.py:74]: Starting SystemEventListener...
2025-07-07 22:24:23,770 [INFO] [MainThread] [root/bar_manager.py:74]: Starting WindowsNotificationEventListener...
2025-07-07 22:24:23,772 [INFO] [MainThread] [root/watcher.py:54]: Created file watcher for path C:\Users\llima\.config\yasb
2025-07-07 22:24:23,851 [INFO] [Dummy-5] [root/event_listener.py:51]: Created named pipe yasb-47e3e15e-5b9a-11f0-926a-bccd99c005c5
2025-07-07 22:24:23,892 [DEBUG] [MainThread] [qasync._windows._EventPoller/_windows.py:213]: Starting (proactor: <_IocpProactor overlapped#=0 result#=0>)...
2025-07-07 22:24:23,897 [DEBUG] [Dummy-7] [qasync._windows._EventWorker/_windows.py:192]: Thread started
2025-07-07 22:24:24,035 [INFO] [Dummy-5] [root/event_listener.py:125]: Komorebi connected to named pipe: yasb-47e3e15e-5b9a-11f0-926a-bccd99c005c5
2025-07-07 22:34:37,424 [ERROR] [MainThread] [root/config.py:115]: The config file 'C:\Users\llima\.config\yasb\config.yaml' contains validation errors. Please fix:
clock:
- unknown field

2025-07-07 22:34:55,867 [INFO] [MainThread] [root/controller.py:15]: Reloading Application because of config change.
2025-07-07 22:34:55,976 [INFO] [MainThread] [cli_server/cli_server.py:112]: Log pipe server stopped
2025-07-07 22:34:55,977 [DEBUG] [MainThread] [cli_server/cli_server.py:206]: CLI server stopped
2025-07-07 22:34:55,984 [INFO] [MainThread] [root/bar_manager.py:65]: Successfully loaded updated config and re-initialised all bars.
2025-07-07 22:34:55,984 [DEBUG] [MainThread] [qasync._windows._EventPoller/_windows.py:218]: Stopping worker thread...
2025-07-07 22:34:55,995 [DEBUG] [Dummy-7] [qasync._windows._EventWorker/_windows.py:201]: Exiting thread
2025-07-07 22:34:55,995 [DEBUG] [MainThread] [qasync._windows._IocpProactor/_windows.py:75]: Closing
2025-07-07 22:34:59,355 [INFO] [MainThread] [root/log.py:59]: YASB v1.7.7
2025-07-07 22:34:59,356 [INFO] [Thread-1 (_run_server)] [cli_server/cli_server.py:212]: CLI server started v1.1.2
2025-07-07 22:34:59,356 [INFO] [MainThread] [cli_server/cli_server.py:104]: Log pipe server started
2025-07-07 22:35:00,959 [ERROR] [MainThread] [root/weather.py:168]: API key or location is missing. Please provide a valid API key and location.
2025-07-07 22:35:01,004 [DEBUG] [MainThread] [comtypes/__init__.py:149]: CoInitializeEx(None, 2)
2025-07-07 22:35:02,676 [WARNING] [MainThread] [root/widget_builder.py:37]: Ignoring construction of invalid widget 'clock'
2025-07-07 22:35:02,712 [ERROR] [MainThread] [root/weather.py:168]: API key or location is missing. Please provide a valid API key and location.
2025-07-07 22:35:02,892 [INFO] [MainThread] [root/bar_manager.py:74]: Starting KomorebiEventListener...
2025-07-07 22:35:02,894 [INFO] [MainThread] [root/bar_manager.py:74]: Starting SystemEventListener...
2025-07-07 22:35:02,896 [INFO] [MainThread] [root/bar_manager.py:74]: Starting WindowsNotificationEventListener...
2025-07-07 22:35:02,899 [ERROR] [MainThread] [root/widget_builder.py:93]: Failed to validate widget(s) due to invalid options  - clock
      callbacks:
      - clock:
        - unknown field
      
2025-07-07 22:35:02,942 [INFO] [Dummy-3] [root/event_listener.py:51]: Created named pipe yasb-c4d67b81-5b9b-11f0-baac-bccd99c005c5
2025-07-07 22:35:57,918 [INFO] [MainThread] [root/log.py:59]: YASB v1.7.7
2025-07-07 22:35:57,918 [INFO] [Thread-1 (_run_server)] [cli_server/cli_server.py:212]: CLI server started v1.1.2
2025-07-07 22:35:57,918 [INFO] [MainThread] [cli_server/cli_server.py:104]: Log pipe server started
2025-07-07 22:35:58,043 [DEBUG] [MainThread] [tzlocal/win32.py:55]: Looking up time zone info from registry
2025-07-07 22:35:58,962 [ERROR] [MainThread] [root/weather.py:168]: API key or location is missing. Please provide a valid API key and location.
2025-07-07 22:35:58,969 [DEBUG] [MainThread] [comtypes/__init__.py:149]: CoInitializeEx(None, 2)
2025-07-07 22:35:59,516 [ERROR] [MainThread] [root/weather.py:168]: API key or location is missing. Please provide a valid API key and location.
2025-07-07 22:35:59,608 [INFO] [MainThread] [root/bar_manager.py:74]: Starting KomorebiEventListener...
2025-07-07 22:35:59,609 [INFO] [MainThread] [root/bar_manager.py:74]: Starting SystemEventListener...
2025-07-07 22:35:59,609 [INFO] [MainThread] [root/bar_manager.py:74]: Starting WindowsNotificationEventListener...
2025-07-07 22:35:59,612 [INFO] [MainThread] [root/watcher.py:54]: Created file watcher for path C:\Users\llima\.config\yasb
2025-07-07 22:35:59,670 [INFO] [Dummy-5] [root/event_listener.py:51]: Created named pipe yasb-e6a48c78-5b9b-11f0-8be8-bccd99c005c5
2025-07-07 22:35:59,719 [DEBUG] [MainThread] [qasync._windows._EventPoller/_windows.py:213]: Starting (proactor: <_IocpProactor overlapped#=0 result#=0>)...
2025-07-07 22:35:59,724 [DEBUG] [Dummy-9] [qasync._windows._EventWorker/_windows.py:192]: Thread started
2025-07-07 22:35:59,839 [INFO] [Dummy-5] [root/event_listener.py:125]: Komorebi connected to named pipe: yasb-e6a48c78-5b9b-11f0-8be8-bccd99c005c5
2025-07-07 22:36:25,874 [INFO] [MainThread] [root/controller.py:15]: Reloading Application because of config change.
2025-07-07 22:36:25,977 [INFO] [MainThread] [cli_server/cli_server.py:112]: Log pipe server stopped
2025-07-07 22:36:25,977 [DEBUG] [MainThread] [cli_server/cli_server.py:206]: CLI server stopped
2025-07-07 22:36:25,982 [INFO] [MainThread] [root/bar_manager.py:65]: Successfully loaded updated config and re-initialised all bars.
2025-07-07 22:36:25,983 [DEBUG] [MainThread] [qasync._windows._EventPoller/_windows.py:218]: Stopping worker thread...
2025-07-07 22:36:25,993 [DEBUG] [Dummy-9] [qasync._windows._EventWorker/_windows.py:201]: Exiting thread
2025-07-07 22:36:25,994 [DEBUG] [MainThread] [qasync._windows._IocpProactor/_windows.py:75]: Closing
2025-07-07 22:36:26,299 [INFO] [MainThread] [root/log.py:59]: YASB v1.7.7
2025-07-07 22:36:26,300 [INFO] [Thread-1 (_run_server)] [cli_server/cli_server.py:212]: CLI server started v1.1.2
2025-07-07 22:36:26,301 [INFO] [MainThread] [cli_server/cli_server.py:104]: Log pipe server started
2025-07-07 22:36:26,575 [DEBUG] [MainThread] [tzlocal/win32.py:55]: Looking up time zone info from registry
2025-07-07 22:36:26,703 [ERROR] [MainThread] [root/weather.py:168]: API key or location is missing. Please provide a valid API key and location.
2025-07-07 22:36:26,706 [DEBUG] [MainThread] [comtypes/__init__.py:149]: CoInitializeEx(None, 2)
2025-07-07 22:36:27,634 [ERROR] [MainThread] [root/weather.py:168]: API key or location is missing. Please provide a valid API key and location.
2025-07-07 22:36:27,727 [INFO] [MainThread] [root/bar_manager.py:74]: Starting KomorebiEventListener...
2025-07-07 22:36:27,728 [INFO] [MainThread] [root/bar_manager.py:74]: Starting SystemEventListener...
2025-07-07 22:36:27,729 [INFO] [MainThread] [root/bar_manager.py:74]: Starting WindowsNotificationEventListener...
2025-07-07 22:36:27,731 [INFO] [MainThread] [root/watcher.py:54]: Created file watcher for path C:\Users\llima\.config\yasb
2025-07-07 22:36:27,807 [INFO] [Dummy-5] [root/event_listener.py:51]: Created named pipe yasb-f7675947-5b9b-11f0-904b-bccd99c005c5
2025-07-07 22:36:27,846 [DEBUG] [MainThread] [qasync._windows._EventPoller/_windows.py:213]: Starting (proactor: <_IocpProactor overlapped#=0 result#=0>)...
2025-07-07 22:36:27,850 [DEBUG] [Dummy-7] [qasync._windows._EventWorker/_windows.py:192]: Thread started
2025-07-07 22:36:27,971 [INFO] [Dummy-5] [root/event_listener.py:125]: Komorebi connected to named pipe: yasb-f7675947-5b9b-11f0-904b-bccd99c005c5
2025-07-07 22:36:31,016 [INFO] [MainThread] [root/controller.py:15]: Reloading Application because of config change.
2025-07-07 22:36:31,129 [INFO] [MainThread] [cli_server/cli_server.py:112]: Log pipe server stopped
2025-07-07 22:36:31,130 [DEBUG] [MainThread] [cli_server/cli_server.py:206]: CLI server stopped
2025-07-07 22:36:31,135 [INFO] [MainThread] [root/bar_manager.py:65]: Successfully loaded updated config and re-initialised all bars.
2025-07-07 22:36:31,135 [DEBUG] [MainThread] [qasync._windows._EventPoller/_windows.py:218]: Stopping worker thread...
2025-07-07 22:36:31,159 [DEBUG] [Dummy-7] [qasync._windows._EventWorker/_windows.py:201]: Exiting thread
2025-07-07 22:36:31,160 [DEBUG] [MainThread] [qasync._windows._IocpProactor/_windows.py:75]: Closing
2025-07-07 22:36:31,401 [INFO] [MainThread] [root/log.py:59]: YASB v1.7.7
2025-07-07 22:36:31,403 [INFO] [Thread-1 (_run_server)] [cli_server/cli_server.py:212]: CLI server started v1.1.2
2025-07-07 22:36:31,403 [INFO] [MainThread] [cli_server/cli_server.py:104]: Log pipe server started
2025-07-07 22:36:31,646 [DEBUG] [MainThread] [tzlocal/win32.py:55]: Looking up time zone info from registry
2025-07-07 22:36:31,807 [ERROR] [MainThread] [root/weather.py:168]: API key or location is missing. Please provide a valid API key and location.
2025-07-07 22:36:31,810 [DEBUG] [MainThread] [comtypes/__init__.py:149]: CoInitializeEx(None, 2)
2025-07-07 22:36:32,718 [ERROR] [MainThread] [root/weather.py:168]: API key or location is missing. Please provide a valid API key and location.
2025-07-07 22:36:32,816 [INFO] [MainThread] [root/bar_manager.py:74]: Starting WindowsNotificationEventListener...
2025-07-07 22:36:32,818 [INFO] [MainThread] [root/bar_manager.py:74]: Starting SystemEventListener...
2025-07-07 22:36:32,818 [INFO] [MainThread] [root/bar_manager.py:74]: Starting KomorebiEventListener...
2025-07-07 22:36:32,818 [INFO] [MainThread] [root/watcher.py:54]: Created file watcher for path C:\Users\llima\.config\yasb
2025-07-07 22:36:32,895 [INFO] [Dummy-5] [root/event_listener.py:51]: Created named pipe yasb-fa6fee87-5b9b-11f0-94e7-bccd99c005c5
2025-07-07 22:36:32,938 [DEBUG] [MainThread] [qasync._windows._EventPoller/_windows.py:213]: Starting (proactor: <_IocpProactor overlapped#=0 result#=0>)...
2025-07-07 22:36:32,939 [DEBUG] [Dummy-9] [qasync._windows._EventWorker/_windows.py:192]: Thread started
2025-07-07 22:36:33,042 [INFO] [Dummy-5] [root/event_listener.py:125]: Komorebi connected to named pipe: yasb-fa6fee87-5b9b-11f0-94e7-bccd99c005c5
2025-07-07 22:37:09,562 [ERROR] [MainThread] [root/config.py:124]: The file 'C:\Users\llima\.config\yasb\config.yaml' contains Parser Error(s). Please fix:
while parsing a block mapping
  in "C:\Users\llima\.config\yasb\config.yaml", line 105, column 5
expected <block end>, but found '<block mapping start>'
  in "C:\Users\llima\.config\yasb\config.yaml", line 108, column 7
2025-07-07 22:37:10,865 [INFO] [MainThread] [root/controller.py:15]: Reloading Application because of config change.
2025-07-07 22:37:10,972 [INFO] [MainThread] [cli_server/cli_server.py:112]: Log pipe server stopped
2025-07-07 22:37:10,972 [DEBUG] [MainThread] [cli_server/cli_server.py:206]: CLI server stopped
2025-07-07 22:37:10,980 [INFO] [MainThread] [root/bar_manager.py:65]: Successfully loaded updated config and re-initialised all bars.
2025-07-07 22:37:10,980 [DEBUG] [MainThread] [qasync._windows._EventPoller/_windows.py:218]: Stopping worker thread...
2025-07-07 22:37:10,987 [DEBUG] [Dummy-9] [qasync._windows._EventWorker/_windows.py:201]: Exiting thread
2025-07-07 22:37:10,987 [DEBUG] [MainThread] [qasync._windows._IocpProactor/_windows.py:75]: Closing
2025-07-07 22:37:11,312 [INFO] [MainThread] [root/log.py:59]: YASB v1.7.7
2025-07-07 22:37:11,312 [INFO] [Thread-1 (_run_server)] [cli_server/cli_server.py:212]: CLI server started v1.1.2
2025-07-07 22:37:11,315 [INFO] [MainThread] [cli_server/cli_server.py:104]: Log pipe server started
2025-07-07 22:37:11,534 [DEBUG] [MainThread] [tzlocal/win32.py:55]: Looking up time zone info from registry
2025-07-07 22:37:11,675 [ERROR] [MainThread] [root/weather.py:168]: API key or location is missing. Please provide a valid API key and location.
2025-07-07 22:37:11,678 [DEBUG] [MainThread] [comtypes/__init__.py:149]: CoInitializeEx(None, 2)
2025-07-07 22:37:12,714 [ERROR] [MainThread] [root/weather.py:168]: API key or location is missing. Please provide a valid API key and location.
2025-07-07 22:37:12,810 [INFO] [MainThread] [root/bar_manager.py:74]: Starting SystemEventListener...
2025-07-07 22:37:12,810 [INFO] [MainThread] [root/bar_manager.py:74]: Starting WindowsNotificationEventListener...
2025-07-07 22:37:12,811 [INFO] [MainThread] [root/bar_manager.py:74]: Starting KomorebiEventListener...
2025-07-07 22:37:12,811 [INFO] [MainThread] [root/watcher.py:54]: Created file watcher for path C:\Users\llima\.config\yasb
2025-07-07 22:37:12,871 [INFO] [Dummy-5] [root/event_listener.py:51]: Created named pipe yasb-12467956-5b9c-11f0-ba5b-bccd99c005c5
2025-07-07 22:37:12,922 [DEBUG] [MainThread] [qasync._windows._EventPoller/_windows.py:213]: Starting (proactor: <_IocpProactor overlapped#=0 result#=0>)...
2025-07-07 22:37:12,924 [DEBUG] [Dummy-9] [qasync._windows._EventWorker/_windows.py:192]: Thread started
2025-07-07 22:37:13,053 [INFO] [Dummy-5] [root/event_listener.py:125]: Komorebi connected to named pipe: yasb-12467956-5b9c-11f0-ba5b-bccd99c005c5
2025-07-07 22:37:18,781 [INFO] [MainThread] [root/controller.py:15]: Reloading Application because of config change.
2025-07-07 22:37:18,896 [INFO] [MainThread] [cli_server/cli_server.py:112]: Log pipe server stopped
2025-07-07 22:37:18,896 [DEBUG] [MainThread] [cli_server/cli_server.py:206]: CLI server stopped
2025-07-07 22:37:18,901 [INFO] [MainThread] [root/bar_manager.py:65]: Successfully loaded updated config and re-initialised all bars.
2025-07-07 22:37:18,901 [DEBUG] [MainThread] [qasync._windows._EventPoller/_windows.py:218]: Stopping worker thread...
2025-07-07 22:37:18,911 [DEBUG] [Dummy-9] [qasync._windows._EventWorker/_windows.py:201]: Exiting thread
2025-07-07 22:37:18,912 [DEBUG] [MainThread] [qasync._windows._IocpProactor/_windows.py:75]: Closing
2025-07-07 22:37:19,225 [INFO] [MainThread] [root/log.py:59]: YASB v1.7.7
2025-07-07 22:37:19,227 [INFO] [Thread-1 (_run_server)] [cli_server/cli_server.py:212]: CLI server started v1.1.2
2025-07-07 22:37:19,228 [INFO] [MainThread] [cli_server/cli_server.py:104]: Log pipe server started
2025-07-07 22:37:19,465 [DEBUG] [MainThread] [tzlocal/win32.py:55]: Looking up time zone info from registry
2025-07-07 22:37:19,593 [ERROR] [MainThread] [root/weather.py:168]: API key or location is missing. Please provide a valid API key and location.
2025-07-07 22:37:19,597 [DEBUG] [MainThread] [comtypes/__init__.py:149]: CoInitializeEx(None, 2)
2025-07-07 22:37:20,391 [ERROR] [MainThread] [root/weather.py:168]: API key or location is missing. Please provide a valid API key and location.
2025-07-07 22:37:20,481 [INFO] [MainThread] [root/bar_manager.py:74]: Starting WindowsNotificationEventListener...
2025-07-07 22:37:20,483 [INFO] [MainThread] [root/bar_manager.py:74]: Starting KomorebiEventListener...
2025-07-07 22:37:20,484 [INFO] [MainThread] [root/bar_manager.py:74]: Starting SystemEventListener...
2025-07-07 22:37:20,485 [INFO] [MainThread] [root/watcher.py:54]: Created file watcher for path C:\Users\llima\.config\yasb
2025-07-07 22:37:20,568 [INFO] [Dummy-5] [root/event_listener.py:51]: Created named pipe yasb-16d9421c-5b9c-11f0-b746-bccd99c005c5
2025-07-07 22:37:20,606 [DEBUG] [MainThread] [qasync._windows._EventPoller/_windows.py:213]: Starting (proactor: <_IocpProactor overlapped#=0 result#=0>)...
2025-07-07 22:37:20,608 [DEBUG] [Dummy-9] [qasync._windows._EventWorker/_windows.py:192]: Thread started
2025-07-07 22:37:20,703 [INFO] [Dummy-5] [root/event_listener.py:125]: Komorebi connected to named pipe: yasb-16d9421c-5b9c-11f0-b746-bccd99c005c5
2025-07-07 22:37:28,948 [ERROR] [MainThread] [root/config.py:124]: The file 'C:\Users\llima\.config\yasb\config.yaml' contains Parser Error(s). Please fix:
while parsing a block mapping
  in "C:\Users\llima\.config\yasb\config.yaml", line 105, column 5
expected <block end>, but found '<block mapping start>'
  in "C:\Users\llima\.config\yasb\config.yaml", line 109, column 7
2025-07-07 22:37:30,218 [INFO] [MainThread] [root/controller.py:15]: Reloading Application because of config change.
2025-07-07 22:37:30,328 [INFO] [MainThread] [cli_server/cli_server.py:112]: Log pipe server stopped
2025-07-07 22:37:30,328 [DEBUG] [MainThread] [cli_server/cli_server.py:206]: CLI server stopped
2025-07-07 22:37:30,331 [INFO] [MainThread] [root/bar_manager.py:65]: Successfully loaded updated config and re-initialised all bars.
2025-07-07 22:37:30,335 [DEBUG] [MainThread] [qasync._windows._EventPoller/_windows.py:218]: Stopping worker thread...
2025-07-07 22:37:30,343 [DEBUG] [Dummy-9] [qasync._windows._EventWorker/_windows.py:201]: Exiting thread
2025-07-07 22:37:30,344 [DEBUG] [MainThread] [qasync._windows._IocpProactor/_windows.py:75]: Closing
2025-07-07 22:37:30,700 [INFO] [MainThread] [root/log.py:59]: YASB v1.7.7
2025-07-07 22:37:30,702 [INFO] [Thread-1 (_run_server)] [cli_server/cli_server.py:212]: CLI server started v1.1.2
2025-07-07 22:37:30,703 [INFO] [MainThread] [cli_server/cli_server.py:104]: Log pipe server started
2025-07-07 22:37:30,911 [DEBUG] [MainThread] [tzlocal/win32.py:55]: Looking up time zone info from registry
2025-07-07 22:37:31,037 [ERROR] [MainThread] [root/weather.py:168]: API key or location is missing. Please provide a valid API key and location.
2025-07-07 22:37:31,047 [DEBUG] [MainThread] [comtypes/__init__.py:149]: CoInitializeEx(None, 2)
2025-07-07 22:37:32,054 [ERROR] [MainThread] [root/weather.py:168]: API key or location is missing. Please provide a valid API key and location.
2025-07-07 22:37:32,140 [INFO] [MainThread] [root/bar_manager.py:74]: Starting KomorebiEventListener...
2025-07-07 22:37:32,141 [INFO] [MainThread] [root/bar_manager.py:74]: Starting SystemEventListener...
2025-07-07 22:37:32,141 [INFO] [MainThread] [root/bar_manager.py:74]: Starting WindowsNotificationEventListener...
2025-07-07 22:37:32,143 [INFO] [MainThread] [root/watcher.py:54]: Created file watcher for path C:\Users\llima\.config\yasb
2025-07-07 22:37:32,208 [INFO] [Dummy-5] [root/event_listener.py:51]: Created named pipe yasb-1dcbde09-5b9c-11f0-be6e-bccd99c005c5
2025-07-07 22:37:32,248 [DEBUG] [MainThread] [qasync._windows._EventPoller/_windows.py:213]: Starting (proactor: <_IocpProactor overlapped#=0 result#=0>)...
2025-07-07 22:37:32,253 [DEBUG] [Dummy-7] [qasync._windows._EventWorker/_windows.py:192]: Thread started
2025-07-07 22:37:32,418 [INFO] [Dummy-5] [root/event_listener.py:125]: Komorebi connected to named pipe: yasb-1dcbde09-5b9c-11f0-be6e-bccd99c005c5
2025-07-07 22:37:38,354 [INFO] [MainThread] [root/controller.py:15]: Reloading Application because of config change.
2025-07-07 22:37:38,456 [INFO] [MainThread] [cli_server/cli_server.py:112]: Log pipe server stopped
2025-07-07 22:37:38,456 [DEBUG] [MainThread] [cli_server/cli_server.py:206]: CLI server stopped
2025-07-07 22:37:38,463 [INFO] [MainThread] [root/bar_manager.py:65]: Successfully loaded updated config and re-initialised all bars.
2025-07-07 22:37:38,463 [DEBUG] [MainThread] [qasync._windows._EventPoller/_windows.py:218]: Stopping worker thread...
2025-07-07 22:37:38,467 [DEBUG] [Dummy-7] [qasync._windows._EventWorker/_windows.py:201]: Exiting thread
2025-07-07 22:37:38,467 [DEBUG] [MainThread] [qasync._windows._IocpProactor/_windows.py:75]: Closing
2025-07-07 22:37:38,812 [INFO] [MainThread] [root/log.py:59]: YASB v1.7.7
2025-07-07 22:37:38,814 [INFO] [Thread-1 (_run_server)] [cli_server/cli_server.py:212]: CLI server started v1.1.2
2025-07-07 22:37:38,815 [INFO] [MainThread] [cli_server/cli_server.py:104]: Log pipe server started
2025-07-07 22:37:39,087 [DEBUG] [MainThread] [tzlocal/win32.py:55]: Looking up time zone info from registry
2025-07-07 22:37:39,230 [ERROR] [MainThread] [root/weather.py:168]: API key or location is missing. Please provide a valid API key and location.
2025-07-07 22:37:39,234 [DEBUG] [MainThread] [comtypes/__init__.py:149]: CoInitializeEx(None, 2)
2025-07-07 22:37:40,142 [ERROR] [MainThread] [root/weather.py:168]: API key or location is missing. Please provide a valid API key and location.
2025-07-07 22:37:40,234 [INFO] [MainThread] [root/bar_manager.py:74]: Starting WindowsNotificationEventListener...
2025-07-07 22:37:40,236 [INFO] [MainThread] [root/bar_manager.py:74]: Starting KomorebiEventListener...
2025-07-07 22:37:40,237 [INFO] [MainThread] [root/bar_manager.py:74]: Starting SystemEventListener...
2025-07-07 22:37:40,237 [INFO] [MainThread] [root/watcher.py:54]: Created file watcher for path C:\Users\llima\.config\yasb
2025-07-07 22:37:40,297 [INFO] [Dummy-5] [root/event_listener.py:51]: Created named pipe yasb-229f14d0-5b9c-11f0-b126-bccd99c005c5
2025-07-07 22:37:40,341 [DEBUG] [MainThread] [qasync._windows._EventPoller/_windows.py:213]: Starting (proactor: <_IocpProactor overlapped#=0 result#=0>)...
2025-07-07 22:37:40,344 [DEBUG] [Dummy-7] [qasync._windows._EventWorker/_windows.py:192]: Thread started
2025-07-07 22:37:40,462 [INFO] [Dummy-5] [root/event_listener.py:125]: Komorebi connected to named pipe: yasb-229f14d0-5b9c-11f0-b126-bccd99c005c5
2025-07-07 22:38:08,718 [ERROR] [MainThread] [root/config.py:124]: The file 'C:\Users\llima\.config\yasb\config.yaml' contains Parser Error(s). Please fix:
while parsing a block mapping
  in "C:\Users\llima\.config\yasb\config.yaml", line 111, column 9
expected <block end>, but found '<block mapping start>'
  in "C:\Users\llima\.config\yasb\config.yaml", line 112, column 11
2025-07-07 22:38:16,568 [INFO] [MainThread] [root/controller.py:15]: Reloading Application because of config change.
2025-07-07 22:38:16,677 [INFO] [MainThread] [cli_server/cli_server.py:112]: Log pipe server stopped
2025-07-07 22:38:16,677 [DEBUG] [MainThread] [cli_server/cli_server.py:206]: CLI server stopped
2025-07-07 22:38:16,681 [INFO] [MainThread] [root/bar_manager.py:65]: Successfully loaded updated config and re-initialised all bars.
2025-07-07 22:38:16,681 [DEBUG] [MainThread] [qasync._windows._EventPoller/_windows.py:218]: Stopping worker thread...
2025-07-07 22:38:16,696 [DEBUG] [Dummy-7] [qasync._windows._EventWorker/_windows.py:201]: Exiting thread
2025-07-07 22:38:16,696 [DEBUG] [MainThread] [qasync._windows._IocpProactor/_windows.py:75]: Closing
2025-07-07 22:38:17,095 [INFO] [MainThread] [root/log.py:59]: YASB v1.7.7
2025-07-07 22:38:17,096 [INFO] [Thread-1 (_run_server)] [cli_server/cli_server.py:212]: CLI server started v1.1.2
2025-07-07 22:38:17,098 [INFO] [MainThread] [cli_server/cli_server.py:104]: Log pipe server started
2025-07-07 22:38:17,468 [ERROR] [MainThread] [root/weather.py:168]: API key or location is missing. Please provide a valid API key and location.
2025-07-07 22:38:17,472 [DEBUG] [MainThread] [comtypes/__init__.py:149]: CoInitializeEx(None, 2)
2025-07-07 22:38:18,372 [WARNING] [MainThread] [root/widget_builder.py:37]: Ignoring construction of invalid widget 'clock'
2025-07-07 22:38:18,378 [ERROR] [MainThread] [root/weather.py:168]: API key or location is missing. Please provide a valid API key and location.
2025-07-07 22:38:18,480 [INFO] [MainThread] [root/bar_manager.py:74]: Starting SystemEventListener...
2025-07-07 22:38:18,480 [INFO] [MainThread] [root/bar_manager.py:74]: Starting WindowsNotificationEventListener...
2025-07-07 22:38:18,482 [INFO] [MainThread] [root/bar_manager.py:74]: Starting KomorebiEventListener...
2025-07-07 22:38:18,482 [ERROR] [MainThread] [root/widget_builder.py:93]: Failed to validate widget(s) due to invalid options  - clock
      alignment:
      - unknown field
      blur:
      - unknown field
      border_color:
      - unknown field
      direction:
      - unknown field
      round_corners:
      - unknown field
      round_corners_type:
      - unknown field
      
2025-07-07 22:38:18,518 [INFO] [Dummy-3] [root/event_listener.py:51]: Created named pipe yasb-396aed79-5b9c-11f0-a897-bccd99c005c5
2025-07-07 22:39:02,596 [INFO] [MainThread] [root/log.py:59]: YASB v1.7.7
2025-07-07 22:39:02,597 [INFO] [Thread-1 (_run_server)] [cli_server/cli_server.py:212]: CLI server started v1.1.2
2025-07-07 22:39:02,597 [INFO] [MainThread] [cli_server/cli_server.py:104]: Log pipe server started
2025-07-07 22:39:02,732 [DEBUG] [MainThread] [tzlocal/win32.py:55]: Looking up time zone info from registry
2025-07-07 22:39:02,828 [ERROR] [MainThread] [root/weather.py:168]: API key or location is missing. Please provide a valid API key and location.
2025-07-07 22:39:02,829 [DEBUG] [MainThread] [comtypes/__init__.py:149]: CoInitializeEx(None, 2)
2025-07-07 22:39:03,300 [ERROR] [MainThread] [root/weather.py:168]: API key or location is missing. Please provide a valid API key and location.
2025-07-07 22:39:03,381 [INFO] [MainThread] [root/bar_manager.py:74]: Starting WindowsNotificationEventListener...
2025-07-07 22:39:03,382 [INFO] [MainThread] [root/bar_manager.py:74]: Starting SystemEventListener...
2025-07-07 22:39:03,382 [INFO] [MainThread] [root/bar_manager.py:74]: Starting KomorebiEventListener...
2025-07-07 22:39:03,382 [INFO] [MainThread] [root/watcher.py:54]: Created file watcher for path C:\Users\llima\.config\yasb
2025-07-07 22:39:03,450 [INFO] [Dummy-5] [root/event_listener.py:51]: Created named pipe yasb-542e4412-5b9c-11f0-993b-bccd99c005c5
2025-07-07 22:39:03,496 [DEBUG] [MainThread] [qasync._windows._EventPoller/_windows.py:213]: Starting (proactor: <_IocpProactor overlapped#=0 result#=0>)...
2025-07-07 22:39:03,500 [DEBUG] [Dummy-9] [qasync._windows._EventWorker/_windows.py:192]: Thread started
2025-07-07 22:39:03,602 [INFO] [Dummy-5] [root/event_listener.py:125]: Komorebi connected to named pipe: yasb-542e4412-5b9c-11f0-993b-bccd99c005c5
2025-07-07 22:39:48,810 [INFO] [MainThread] [root/controller.py:15]: Reloading Application because of config change.
2025-07-07 22:39:48,912 [INFO] [MainThread] [cli_server/cli_server.py:112]: Log pipe server stopped
2025-07-07 22:39:48,912 [DEBUG] [MainThread] [cli_server/cli_server.py:206]: CLI server stopped
2025-07-07 22:39:48,915 [INFO] [MainThread] [root/bar_manager.py:65]: Successfully loaded updated config and re-initialised all bars.
2025-07-07 22:39:48,915 [DEBUG] [MainThread] [qasync._windows._EventPoller/_windows.py:218]: Stopping worker thread...
2025-07-07 22:39:48,928 [DEBUG] [Dummy-9] [qasync._windows._EventWorker/_windows.py:201]: Exiting thread
2025-07-07 22:39:48,928 [DEBUG] [MainThread] [qasync._windows._IocpProactor/_windows.py:75]: Closing
2025-07-07 22:39:48,957 [ERROR] [Dummy-5] [root/event_service.py:32]: Failed to emit signal <bound PYQT_SIGNAL k_signal_update of WorkspaceWidget object at 0x00000233D75E5DB0>. Removing link to KomorebiEvent.KomorebiUpdate.
2025-07-07 22:39:48,957 [ERROR] [Dummy-5] [root/event_service.py:32]: Failed to emit signal <bound PYQT_SIGNAL k_signal_update of WorkspaceWidget object at 0x00000233D7D79310>. Removing link to KomorebiEvent.KomorebiUpdate.
2025-07-07 22:39:49,235 [INFO] [MainThread] [root/log.py:59]: YASB v1.7.7
2025-07-07 22:39:49,236 [INFO] [Thread-1 (_run_server)] [cli_server/cli_server.py:212]: CLI server started v1.1.2
2025-07-07 22:39:49,237 [INFO] [MainThread] [cli_server/cli_server.py:104]: Log pipe server started
2025-07-07 22:39:49,453 [DEBUG] [MainThread] [tzlocal/win32.py:55]: Looking up time zone info from registry
2025-07-07 22:39:49,573 [ERROR] [MainThread] [root/weather.py:168]: API key or location is missing. Please provide a valid API key and location.
2025-07-07 22:39:49,573 [DEBUG] [MainThread] [comtypes/__init__.py:149]: CoInitializeEx(None, 2)
2025-07-07 22:39:50,587 [ERROR] [MainThread] [root/weather.py:168]: API key or location is missing. Please provide a valid API key and location.
2025-07-07 22:39:50,686 [INFO] [MainThread] [root/bar_manager.py:74]: Starting WindowsNotificationEventListener...
2025-07-07 22:39:50,688 [INFO] [MainThread] [root/bar_manager.py:74]: Starting SystemEventListener...
2025-07-07 22:39:50,689 [INFO] [MainThread] [root/bar_manager.py:74]: Starting KomorebiEventListener...
2025-07-07 22:39:50,689 [INFO] [MainThread] [root/watcher.py:54]: Created file watcher for path C:\Users\llima\.config\yasb
2025-07-07 22:39:50,748 [INFO] [Dummy-5] [root/event_listener.py:51]: Created named pipe yasb-7060b0af-5b9c-11f0-807d-bccd99c005c5
2025-07-07 22:39:50,795 [DEBUG] [MainThread] [qasync._windows._EventPoller/_windows.py:213]: Starting (proactor: <_IocpProactor overlapped#=0 result#=0>)...
2025-07-07 22:39:50,799 [DEBUG] [Dummy-7] [qasync._windows._EventWorker/_windows.py:192]: Thread started
2025-07-07 22:39:50,924 [INFO] [Dummy-5] [root/event_listener.py:125]: Komorebi connected to named pipe: yasb-7060b0af-5b9c-11f0-807d-bccd99c005c5
2025-07-07 22:40:55,113 [INFO] [MainThread] [root/controller.py:15]: Reloading Application because of config change.
2025-07-07 22:40:55,222 [INFO] [MainThread] [cli_server/cli_server.py:112]: Log pipe server stopped
2025-07-07 22:40:55,222 [DEBUG] [MainThread] [cli_server/cli_server.py:206]: CLI server stopped
2025-07-07 22:40:55,228 [INFO] [MainThread] [root/bar_manager.py:65]: Successfully loaded updated config and re-initialised all bars.
2025-07-07 22:40:55,228 [DEBUG] [MainThread] [qasync._windows._EventPoller/_windows.py:218]: Stopping worker thread...
2025-07-07 22:40:55,237 [DEBUG] [Dummy-7] [qasync._windows._EventWorker/_windows.py:201]: Exiting thread
2025-07-07 22:40:55,238 [DEBUG] [MainThread] [qasync._windows._IocpProactor/_windows.py:75]: Closing
2025-07-07 22:40:55,506 [INFO] [MainThread] [root/log.py:59]: YASB v1.7.7
2025-07-07 22:40:55,507 [INFO] [Thread-1 (_run_server)] [cli_server/cli_server.py:212]: CLI server started v1.1.2
2025-07-07 22:40:55,508 [INFO] [MainThread] [cli_server/cli_server.py:104]: Log pipe server started
2025-07-07 22:40:55,700 [DEBUG] [MainThread] [tzlocal/win32.py:55]: Looking up time zone info from registry
2025-07-07 22:40:55,791 [ERROR] [MainThread] [root/weather.py:168]: API key or location is missing. Please provide a valid API key and location.
2025-07-07 22:40:55,793 [DEBUG] [MainThread] [comtypes/__init__.py:149]: CoInitializeEx(None, 2)
2025-07-07 22:40:56,439 [ERROR] [MainThread] [root/weather.py:168]: API key or location is missing. Please provide a valid API key and location.
2025-07-07 22:40:56,503 [INFO] [MainThread] [root/bar_manager.py:74]: Starting KomorebiEventListener...
2025-07-07 22:40:56,504 [INFO] [MainThread] [root/bar_manager.py:74]: Starting SystemEventListener...
2025-07-07 22:40:56,504 [INFO] [MainThread] [root/bar_manager.py:74]: Starting WindowsNotificationEventListener...
2025-07-07 22:40:56,505 [INFO] [MainThread] [root/watcher.py:54]: Created file watcher for path C:\Users\llima\.config\yasb
2025-07-07 22:40:56,561 [INFO] [Dummy-5] [root/event_listener.py:51]: Created named pipe yasb-979b433a-5b9c-11f0-8a55-bccd99c005c5
2025-07-07 22:40:56,588 [DEBUG] [MainThread] [qasync._windows._EventPoller/_windows.py:213]: Starting (proactor: <_IocpProactor overlapped#=0 result#=0>)...
2025-07-07 22:40:56,589 [DEBUG] [Dummy-9] [qasync._windows._EventWorker/_windows.py:192]: Thread started
2025-07-07 22:40:56,671 [INFO] [Dummy-5] [root/event_listener.py:125]: Komorebi connected to named pipe: yasb-979b433a-5b9c-11f0-8a55-bccd99c005c5
2025-07-08 00:41:04,618 [INFO] [MainThread] [root/bar.py:137]: Screen geometry changed. Updating position for bar (primary-bar_DELL SE2216H_a881f955)
2025-07-08 00:41:15,492 [INFO] [MainThread] [root/bar.py:137]: Screen geometry changed. Updating position for bar (primary-bar_DELL SE2216H_a881f955)
2025-07-08 00:45:01,635 [DEBUG] [MainThread] [qasync._windows._EventPoller/_windows.py:218]: Stopping worker thread...
2025-07-08 00:45:01,644 [DEBUG] [Dummy-9] [qasync._windows._EventWorker/_windows.py:201]: Exiting thread
2025-07-08 00:45:01,645 [DEBUG] [MainThread] [qasync._windows._IocpProactor/_windows.py:75]: Closing
2025-07-08 00:45:01,703 [ERROR] [Dummy-11] [root/event_service.py:32]: Failed to emit signal <bound PYQT_SIGNAL window_name_change of ActiveWindowWidget object at 0x0000023DD9F33E30>. Removing link to WinEvent.EventObjectStateChange.
2025-07-08 20:40:57,380 [INFO] [MainThread] [root/log.py:59]: YASB v1.7.7
2025-07-08 20:40:57,382 [INFO] [Thread-1 (_run_server)] [cli_server/cli_server.py:212]: CLI server started v1.1.2
2025-07-08 20:40:57,382 [INFO] [MainThread] [cli_server/cli_server.py:104]: Log pipe server started
2025-07-08 20:40:57,525 [DEBUG] [MainThread] [tzlocal/win32.py:55]: Looking up time zone info from registry
2025-07-08 20:40:57,665 [ERROR] [MainThread] [root/weather.py:168]: API key or location is missing. Please provide a valid API key and location.
2025-07-08 20:40:57,668 [DEBUG] [MainThread] [comtypes/__init__.py:149]: CoInitializeEx(None, 2)
2025-07-08 20:40:58,533 [ERROR] [MainThread] [root/weather.py:168]: API key or location is missing. Please provide a valid API key and location.
2025-07-08 20:40:58,594 [INFO] [MainThread] [root/bar_manager.py:74]: Starting WindowsNotificationEventListener...
2025-07-08 20:40:58,597 [INFO] [MainThread] [root/bar_manager.py:74]: Starting KomorebiEventListener...
2025-07-08 20:40:58,597 [INFO] [MainThread] [root/bar_manager.py:74]: Starting SystemEventListener...
2025-07-08 20:40:58,598 [INFO] [MainThread] [root/watcher.py:54]: Created file watcher for path C:\Users\llima\.config\yasb
2025-07-08 20:40:58,632 [INFO] [Dummy-5] [root/event_listener.py:51]: Created named pipe yasb-ffbb8fac-5c54-11f0-b077-bccd99c005c5
2025-07-08 20:40:58,669 [DEBUG] [MainThread] [qasync._windows._EventPoller/_windows.py:213]: Starting (proactor: <_IocpProactor overlapped#=0 result#=0>)...
2025-07-08 20:40:58,672 [DEBUG] [Dummy-9] [qasync._windows._EventWorker/_windows.py:192]: Thread started
2025-07-08 21:32:18,786 [INFO] [Dummy-5] [root/event_listener.py:125]: Komorebi connected to named pipe: yasb-ffbb8fac-5c54-11f0-b077-bccd99c005c5
2025-07-09 13:40:23,851 [ERROR] [Dummy-1230] [core.utils.widgets.media.media/media.py:266]: MediaCallback: Error occurred whilst fetching media properties and thumbnail: [WinError -2147024875] O dispositivo no est pronto.
